# JRE version: Java(TM) SE Runtime Environment (8.0_202-b08) (build 1.8.0_202-b08)
# Java VM: Java HotSpot(TM) 64-Bit Server VM (25.202-b08 mixed mode windows-amd64 compressed oops)
Heap:
 PSYoungGen      total 176640K, used 12952K [0x00000000d5b80000, 0x00000000e4600000, 0x0000000100000000)
  eden space 159744K, 8% used [0x00000000d5b80000,0x00000000d6826038,0x00000000df780000)
  from space 16896K, 0% used [0x00000000df780000,0x00000000df780000,0x00000000e0800000)
  to   space 17408K, 0% used [0x00000000e3500000,0x00000000e3500000,0x00000000e4600000)
 ParOldGen       total 125440K, used 23976K [0x0000000081200000, 0x0000000088c80000, 0x00000000d5b80000)
  object space 125440K, 19% used [0x0000000081200000,0x000000008296a290,0x0000000088c80000)
 Metaspace       used 56355K, capacity 59794K, committed 59992K, reserved 1101824K
  class space    used 7581K, capacity 8160K, committed 8280K, reserved 1048576K
GC Heap History (10 events):
Event: 5.120 GC heap before
{Heap before GC invocations=12 (full 2):
 PSYoungGen      total 140800K, used 9654K [0x00000000d5b80000, 0x00000000dfb80000, 0x0000000100000000)
  eden space 128512K, 0% used [0x00000000d5b80000,0x00000000d5b80000,0x00000000dd900000)
  from space 12288K, 78% used [0x00000000de600000,0x00000000def6d9b0,0x00000000df200000)
  to   space 13312K, 0% used [0x00000000dd900000,0x00000000dd900000,0x00000000de600000)
 ParOldGen       total 57856K, used 7677K [0x0000000081200000, 0x0000000084a80000, 0x00000000d5b80000)
  object space 57856K, 13% used [0x0000000081200000,0x000000008197f530,0x0000000084a80000)
 Metaspace       used 33117K, capacity 35316K, committed 35416K, reserved 1079296K
  class space    used 4219K, capacity 4636K, committed 4696K, reserved 1048576K
Event: 5.209 GC heap after
Heap after GC invocations=12 (full 2):
 PSYoungGen      total 140800K, used 0K [0x00000000d5b80000, 0x00000000dfb80000, 0x0000000100000000)
  eden space 128512K, 0% used [0x00000000d5b80000,0x00000000d5b80000,0x00000000dd900000)
  from space 12288K, 0% used [0x00000000de600000,0x00000000de600000,0x00000000df200000)
  to   space 13312K, 0% used [0x00000000dd900000,0x00000000dd900000,0x00000000de600000)
 ParOldGen       total 88576K, used 13821K [0x0000000081200000, 0x0000000086880000, 0x00000000d5b80000)
  object space 88576K, 15% used [0x0000000081200000,0x0000000081f7f690,0x0000000086880000)
 Metaspace       used 33117K, capacity 35316K, committed 35416K, reserved 1079296K
  class space    used 4219K, capacity 4636K, committed 4696K, reserved 1048576K
}
Event: 6.843 GC heap before
{Heap before GC invocations=13 (full 2):
 PSYoungGen      total 140800K, used 128512K [0x00000000d5b80000, 0x00000000dfb80000, 0x0000000100000000)
  eden space 128512K, 100% used [0x00000000d5b80000,0x00000000dd900000,0x00000000dd900000)
  from space 12288K, 0% used [0x00000000de600000,0x00000000de600000,0x00000000df200000)
  to   space 13312K, 0% used [0x00000000dd900000,0x00000000dd900000,0x00000000de600000)
 ParOldGen       total 88576K, used 13821K [0x0000000081200000, 0x0000000086880000, 0x00000000d5b80000)
  object space 88576K, 15% used [0x0000000081200000,0x0000000081f7f690,0x0000000086880000)
 Metaspace       used 42572K, capacity 45268K, committed 45656K, reserved 1089536K
  class space    used 5631K, capacity 6143K, committed 6232K, reserved 1048576K
Event: 6.851 GC heap after
Heap after GC invocations=13 (full 2):
 PSYoungGen      total 141824K, used 10239K [0x00000000d5b80000, 0x00000000e1580000, 0x0000000100000000)
  eden space 128512K, 0% used [0x00000000d5b80000,0x00000000d5b80000,0x00000000dd900000)
  from space 13312K, 76% used [0x00000000dd900000,0x00000000de2ffca8,0x00000000de600000)
  to   space 13824K, 0% used [0x00000000e0800000,0x00000000e0800000,0x00000000e1580000)
 ParOldGen       total 88576K, used 13829K [0x0000000081200000, 0x0000000086880000, 0x00000000d5b80000)
  object space 88576K, 15% used [0x0000000081200000,0x0000000081f81690,0x0000000086880000)
 Metaspace       used 42572K, capacity 45268K, committed 45656K, reserved 1089536K
  class space    used 5631K, capacity 6143K, committed 6232K, reserved 1048576K
}
Event: 8.570 GC heap before
{Heap before GC invocations=14 (full 2):
 PSYoungGen      total 141824K, used 138751K [0x00000000d5b80000, 0x00000000e1580000, 0x0000000100000000)
  eden space 128512K, 100% used [0x00000000d5b80000,0x00000000dd900000,0x00000000dd900000)
  from space 13312K, 76% used [0x00000000dd900000,0x00000000de2ffca8,0x00000000de600000)
  to   space 13824K, 0% used [0x00000000e0800000,0x00000000e0800000,0x00000000e1580000)
 ParOldGen       total 88576K, used 13829K [0x0000000081200000, 0x0000000086880000, 0x00000000d5b80000)
  object space 88576K, 15% used [0x0000000081200000,0x0000000081f81690,0x0000000086880000)
 Metaspace       used 52949K, capacity 55898K, committed 56024K, reserved 1097728K
  class space    used 7100K, capacity 7618K, committed 7640K, reserved 1048576K
Event: 8.583 GC heap after
Heap after GC invocations=14 (full 2):
 PSYoungGen      total 173568K, used 13807K [0x00000000d5b80000, 0x00000000e1880000, 0x0000000100000000)
  eden space 159744K, 0% used [0x00000000d5b80000,0x00000000d5b80000,0x00000000df780000)
  from space 13824K, 99% used [0x00000000e0800000,0x00000000e157bff0,0x00000000e1580000)
  to   space 16896K, 0% used [0x00000000df780000,0x00000000df780000,0x00000000e0800000)
 ParOldGen       total 88576K, used 16203K [0x0000000081200000, 0x0000000086880000, 0x00000000d5b80000)
  object space 88576K, 18% used [0x0000000081200000,0x00000000821d2f88,0x0000000086880000)
 Metaspace       used 52949K, capacity 55898K, committed 56024K, reserved 1097728K
  class space    used 7100K, capacity 7618K, committed 7640K, reserved 1048576K
}
Event: 9.047 GC heap before
{Heap before GC invocations=15 (full 2):
 PSYoungGen      total 173568K, used 57160K [0x00000000d5b80000, 0x00000000e1880000, 0x0000000100000000)
  eden space 159744K, 27% used [0x00000000d5b80000,0x00000000d85d6100,0x00000000df780000)
  from space 13824K, 99% used [0x00000000e0800000,0x00000000e157bff0,0x00000000e1580000)
  to   space 16896K, 0% used [0x00000000df780000,0x00000000df780000,0x00000000e0800000)
 ParOldGen       total 88576K, used 16203K [0x0000000081200000, 0x0000000086880000, 0x00000000d5b80000)
  object space 88576K, 18% used [0x0000000081200000,0x00000000821d2f88,0x0000000086880000)
 Metaspace       used 55872K, capacity 58944K, committed 58968K, reserved 1099776K
  class space    used 7460K, capacity 8015K, committed 8024K, reserved 1048576K
Event: 9.062 GC heap after
Heap after GC invocations=15 (full 2):
 PSYoungGen      total 176640K, used 11593K [0x00000000d5b80000, 0x00000000e4600000, 0x0000000100000000)
  eden space 159744K, 0% used [0x00000000d5b80000,0x00000000d5b80000,0x00000000df780000)
  from space 16896K, 68% used [0x00000000df780000,0x00000000e02d2668,0x00000000e0800000)
  to   space 17408K, 0% used [0x00000000e3500000,0x00000000e3500000,0x00000000e4600000)
 ParOldGen       total 88576K, used 16211K [0x0000000081200000, 0x0000000086880000, 0x00000000d5b80000)
  object space 88576K, 18% used [0x0000000081200000,0x00000000821d4f88,0x0000000086880000)
 Metaspace       used 55872K, capacity 58944K, committed 58968K, reserved 1099776K
  class space    used 7460K, capacity 8015K, committed 8024K, reserved 1048576K
}
Event: 9.062 GC heap before
{Heap before GC invocations=16 (full 3):
 PSYoungGen      total 176640K, used 11593K [0x00000000d5b80000, 0x00000000e4600000, 0x0000000100000000)
  eden space 159744K, 0% used [0x00000000d5b80000,0x00000000d5b80000,0x00000000df780000)
  from space 16896K, 68% used [0x00000000df780000,0x00000000e02d2668,0x00000000e0800000)
  to   space 17408K, 0% used [0x00000000e3500000,0x00000000e3500000,0x00000000e4600000)
 ParOldGen       total 88576K, used 16211K [0x0000000081200000, 0x0000000086880000, 0x00000000d5b80000)
  object space 88576K, 18% used [0x0000000081200000,0x00000000821d4f88,0x0000000086880000)
 Metaspace       used 55872K, capacity 58944K, committed 58968K, reserved 1099776K
  class space    used 7460K, capacity 8015K, committed 8024K, reserved 1048576K
Event: 9.209 GC heap after
Heap after GC invocations=16 (full 3):
 PSYoungGen      total 176640K, used 0K [0x00000000d5b80000, 0x00000000e4600000, 0x0000000100000000)
  eden space 159744K, 0% used [0x00000000d5b80000,0x00000000d5b80000,0x00000000df780000)
  from space 16896K, 0% used [0x00000000df780000,0x00000000df780000,0x00000000e0800000)
  to   space 17408K, 0% used [0x00000000e3500000,0x00000000e3500000,0x00000000e4600000)
 ParOldGen       total 125440K, used 23976K [0x0000000081200000, 0x0000000088c80000, 0x00000000d5b80000)
  object space 125440K, 19% used [0x0000000081200000,0x000000008296a290,0x0000000088c80000)
 Metaspace       used 55872K, capacity 58944K, committed 58968K, reserved 1099776K
  class space    used 7460K, capacity 8015K, committed 8024K, reserved 1048576K
}

